<?xml version="1.0" encoding="UTF-8"?>
<testsuite xmlns:xsi="http://www.w3.org/2001/XMLSchema-instance" xsi:noNamespaceSchemaLocation="https://maven.apache.org/surefire/maven-surefire-plugin/xsd/surefire-test-report.xsd" version="3.0.2" name="com.bss.BssForumApplicationTests" time="14.366" tests="1" errors="0" skipped="0" failures="0">
  <properties>
[...]
</properties>
  <testcase name="contextLoads" classname="com.bss.BssForumApplicationTests" time="0.831">
    <system-out><![CDATA[11:11:29.732 [main] INFO org.springframework.test.context.support.AnnotationConfigContextLoaderUtils -- Could not detect default configuration classes for test class [com.bss.BssForumApplicationTests]: BssForumApplicationTests does not declare any static, non-private, non-final, nested classes annotated with @Configuration.
11:11:29.997 [main] INFO org.springframework.boot.test.context.SpringBootTestContextBootstrapper -- Found @SpringBootConfiguration com.bss.BssForumApplication for test class com.bss.BssForumApplicationTests

  .   ____          _            __ _ _
 /\\ / ___'_ __ _ _(_)_ __  __ _ \ \ \ \
( ( )\___ | '_ | '_| | '_ \/ _` | \ \ \ \
 \\/  ___)| |_)| | | | | || (_| |  ) ) ) )
  '  |____| .__|_| |_|_| |_\__, | / / / /
 =========|_|==============|___/=/_/_/_/

 :: Spring Boot ::                (v3.5.5)

2025-09-05T11:11:31.440-07:00  INFO 25808 --- [bss-forum] [           main] com.bss.BssForumApplicationTests         : Starting BssForumApplicationTests using Java 17.0.16 with PID 25808 (started by BSTeam in C:\Users\BSTeam\bss\service\bss-forum-service)
2025-09-05T11:11:31.440-07:00  INFO 25808 --- [bss-forum] [           main] com.bss.BssForumApplicationTests         : No active profile set, falling back to 1 default profile: "default"
2025-09-05T11:11:33.204-07:00  INFO 25808 --- [bss-forum] [           main] .s.d.r.c.RepositoryConfigurationDelegate : Bootstrapping Spring Data JPA repositories in DEFAULT mode.
2025-09-05T11:11:33.363-07:00  INFO 25808 --- [bss-forum] [           main] .s.d.r.c.RepositoryConfigurationDelegate : Finished Spring Data repository scanning in 136 ms. Found 5 JPA repository interfaces.
2025-09-05T11:11:34.037-07:00  INFO 25808 --- [bss-forum] [           main] com.zaxxer.hikari.HikariDataSource       : HikariPool-1 - Starting...
2025-09-05T11:11:34.538-07:00  INFO 25808 --- [bss-forum] [           main] com.zaxxer.hikari.pool.HikariPool        : HikariPool-1 - Added connection conn0: url=jdbc:h2:mem:bssdb user=SA
2025-09-05T11:11:34.538-07:00  INFO 25808 --- [bss-forum] [           main] com.zaxxer.hikari.HikariDataSource       : HikariPool-1 - Start completed.
2025-09-05T11:11:34.802-07:00  INFO 25808 --- [bss-forum] [           main] o.hibernate.jpa.internal.util.LogHelper  : HHH000204: Processing PersistenceUnitInfo [name: default]
2025-09-05T11:11:34.945-07:00  INFO 25808 --- [bss-forum] [           main] org.hibernate.Version                    : HHH000412: Hibernate ORM core version 6.6.26.Final
2025-09-05T11:11:35.040-07:00  INFO 25808 --- [bss-forum] [           main] o.h.c.internal.RegionFactoryInitiator    : HHH000026: Second-level cache disabled
2025-09-05T11:11:35.756-07:00  INFO 25808 --- [bss-forum] [           main] o.s.o.j.p.SpringPersistenceUnitInfo      : No LoadTimeWeaver setup: ignoring JPA class transformer
2025-09-05T11:11:35.932-07:00  INFO 25808 --- [bss-forum] [           main] org.hibernate.orm.connections.pooling    : HHH10001005: Database info:
	Database JDBC URL [Connecting through datasource 'HikariDataSource (HikariPool-1)']
	Database driver: undefined/unknown
	Database version: 2.3.232
	Autocommit mode: undefined/unknown
	Isolation level: undefined/unknown
	Minimum pool size: undefined/unknown
	Maximum pool size: undefined/unknown
2025-09-05T11:11:37.390-07:00  INFO 25808 --- [bss-forum] [           main] o.h.e.t.j.p.i.JtaPlatformInitiator       : HHH000489: No JTA platform available (set 'hibernate.transaction.jta.platform' to enable JTA platform integration)
2025-09-05T11:11:37.390-07:00  INFO 25808 --- [bss-forum] [           main] j.LocalContainerEntityManagerFactoryBean : Initialized JPA EntityManagerFactory for persistence unit 'default'
2025-09-05T11:11:37.927-07:00  INFO 25808 --- [bss-forum] [           main] o.s.d.j.r.query.QueryEnhancerFactory     : Hibernate is in classpath; If applicable, HQL parser will be used.
2025-09-05T11:11:39.576-07:00  WARN 25808 --- [bss-forum] [           main] JpaBaseConfiguration$JpaWebConfiguration : spring.jpa.open-in-view is enabled by default. Therefore, database queries may be performed during view rendering. Explicitly configure spring.jpa.open-in-view to disable this warning
2025-09-05T11:11:39.693-07:00  INFO 25808 --- [bss-forum] [           main] o.s.v.b.OptionalValidatorFactoryBean     : Failed to set up a Bean Validation provider: jakarta.validation.NoProviderFoundException: Unable to create a Configuration, because no Jakarta Bean Validation provider could be found. Add a provider like Hibernate Validator (RI) to your classpath.
2025-09-05T11:11:42.724-07:00  INFO 25808 --- [bss-forum] [           main] o.s.b.a.h2.H2ConsoleAutoConfiguration    : H2 console available at '/h2-console'. Database available at 'jdbc:h2:mem:bssdb'
2025-09-05T11:11:42.907-07:00  INFO 25808 --- [bss-forum] [           main] com.bss.BssForumApplicationTests         : Started BssForumApplicationTests in 12.438 seconds (process running for 14.895)
]]></system-out>
  </testcase>
</testsuite>